Watching for file changes with StatReloader
C:\Users\Aryan.c\Desktop\mashup\travel-partner\django_og\travel_partner\travel_partner\settings.py changed, reloading.
Watching for file changes with StatReloader
C:\Users\Aryan.c\Desktop\mashup\travel-partner\django_og\travel_partner\travel_app\views.py changed, reloading.
Watching for file changes with StatReloader
C:\Users\Aryan.c\Desktop\mashup\travel-partner\django_og\travel_partner\travel_app\views.py changed, reloading.
Watching for file changes with StatReloader
C:\Users\Aryan.c\Desktop\mashup\travel-partner\django_og\travel_partner\travel_app\views.py changed, reloading.
Watching for file changes with StatReloader
C:\Users\Aryan.c\Desktop\mashup\travel-partner\django_og\travel_partner\travel_app\views.py changed, reloading.
Watching for file changes with StatReloader
C:\Users\Aryan.c\Desktop\mashup\travel-partner\django_og\travel_partner\manager\views.py changed, reloading.
Watching for file changes with StatReloader
C:\Users\Aryan.c\Desktop\mashup\travel-partner\django_og\travel_partner\manager\views.py changed, reloading.
Watching for file changes with StatReloader
C:\Users\Aryan.c\Desktop\mashup\travel-partner\django_og\travel_partner\employee\views.py changed, reloading.
Watching for file changes with StatReloader
C:\Users\Aryan.c\Desktop\mashup\travel-partner\django_og\travel_partner\employee\views.py changed, reloading.
Watching for file changes with StatReloader
C:\Users\Aryan.c\Desktop\mashup\travel-partner\django_og\travel_partner\admin\views.py changed, reloading.
Watching for file changes with StatReloader
C:\Users\Aryan.c\Desktop\mashup\travel-partner\django_og\travel_partner\admin\views.py changed, reloading.
Watching for file changes with StatReloader
Watching for file changes with StatReloader
Employee login successful for username aliyan
Unauthorized: /employee/tickets/
Unauthorized: /employee/tickets/
Not Found: /employee/dashboard/
Watching for file changes with StatReloader
Not Found: /api/tickets/all
Not Found: /employee/tickets/all
Unauthorized: /employee/tickets/
C:\Users\Aryan.c\Desktop\mashup\travel-partner\django_og\travel_partner\employee\views.py changed, reloading.
Watching for file changes with StatReloader
C:\Users\Aryan.c\Desktop\mashup\travel-partner\django_og\travel_partner\employee\views.py changed, reloading.
Watching for file changes with StatReloader
C:\Users\Aryan.c\Desktop\mashup\travel-partner\django_og\travel_partner\employee\views.py changed, reloading.
Watching for file changes with StatReloader
Internal Server Error: /employee/tickets/
Traceback (most recent call last):
  File "C:\Users\Aryan.c\AppData\Local\Programs\Python\Python312\Lib\site-packages\django\core\handlers\exception.py", line 55, in inner
    response = get_response(request)
               ^^^^^^^^^^^^^^^^^^^^^
  File "C:\Users\Aryan.c\AppData\Local\Programs\Python\Python312\Lib\site-packages\django\core\handlers\base.py", line 197, in _get_response
    response = wrapped_callback(request, *callback_args, **callback_kwargs)
               ^^^^^^^^^^^^^^^^^^^^^^^^^^^^^^^^^^^^^^^^^^^^^^^^^^^^^^^^^^^^
  File "C:\Users\Aryan.c\AppData\Local\Programs\Python\Python312\Lib\site-packages\django\views\decorators\csrf.py", line 56, in wrapper_view
    return view_func(*args, **kwargs)
           ^^^^^^^^^^^^^^^^^^^^^^^^^^
  File "C:\Users\Aryan.c\AppData\Local\Programs\Python\Python312\Lib\site-packages\django\views\generic\base.py", line 104, in view
    return self.dispatch(request, *args, **kwargs)
           ^^^^^^^^^^^^^^^^^^^^^^^^^^^^^^^^^^^^^^^
  File "C:\Users\Aryan.c\AppData\Local\Programs\Python\Python312\Lib\site-packages\rest_framework\views.py", line 509, in dispatch
    response = self.handle_exception(exc)
               ^^^^^^^^^^^^^^^^^^^^^^^^^^
  File "C:\Users\Aryan.c\AppData\Local\Programs\Python\Python312\Lib\site-packages\rest_framework\views.py", line 469, in handle_exception
    self.raise_uncaught_exception(exc)
  File "C:\Users\Aryan.c\AppData\Local\Programs\Python\Python312\Lib\site-packages\rest_framework\views.py", line 480, in raise_uncaught_exception
    raise exc
  File "C:\Users\Aryan.c\AppData\Local\Programs\Python\Python312\Lib\site-packages\rest_framework\views.py", line 506, in dispatch
    response = handler(request, *args, **kwargs)
               ^^^^^^^^^^^^^^^^^^^^^^^^^^^^^^^^^
  File "C:\Users\Aryan.c\AppData\Local\Programs\Python\Python312\Lib\site-packages\rest_framework\decorators.py", line 50, in handler
    return func(*args, **kwargs)
           ^^^^^^^^^^^^^^^^^^^^^
  File "C:\Users\Aryan.c\Desktop\mashup\travel-partner\django_og\travel_partner\employee\views.py", line 28, in manage_employee_tickets
    leave_requests = TicketDetails.objects.filter(employee_id=request.user.employee.id)
                                                              ^^^^^^^^^^^^^^^^^^^^^
AttributeError: 'AnonymousUser' object has no attribute 'employee'
C:\Users\Aryan.c\Desktop\mashup\travel-partner\django_og\travel_partner\employee\views.py changed, reloading.
Watching for file changes with StatReloader
Method Not Allowed: /employee/login/
Employee login successful for username aliyan
Unauthorized: /employee/tickets/
C:\Users\Aryan.c\Desktop\mashup\travel-partner\django_og\travel_partner\employee\views.py changed, reloading.
Watching for file changes with StatReloader
C:\Users\Aryan.c\Desktop\mashup\travel-partner\django_og\travel_partner\employee\views.py changed, reloading.
Watching for file changes with StatReloader
C:\Users\Aryan.c\Desktop\mashup\travel-partner\django_og\travel_partner\employee\urls.py changed, reloading.
Watching for file changes with StatReloader
C:\Users\Aryan.c\Desktop\mashup\travel-partner\django_og\travel_partner\employee\urls.py changed, reloading.
Watching for file changes with StatReloader
C:\Users\Aryan.c\Desktop\mashup\travel-partner\django_og\travel_partner\employee\urls.py changed, reloading.
Watching for file changes with StatReloader
C:\Users\Aryan.c\Desktop\mashup\travel-partner\django_og\travel_partner\employee\urls.py changed, reloading.
Watching for file changes with StatReloader
C:\Users\Aryan.c\Desktop\mashup\travel-partner\django_og\travel_partner\employee\urls.py changed, reloading.
Watching for file changes with StatReloader
Watching for file changes with StatReloader
Method Not Allowed: /employee/filter_dash
Method Not Allowed: /employee/filter_dash
Method Not Allowed: /employee/filter_dash
Method Not Allowed: /employee/filter_dash
Method Not Allowed: /employee/filter_dash
Method Not Allowed: /employee/filter_dash
Method Not Allowed: /employee/filter_dash
Method Not Allowed: /employee/filter_dash
Method Not Allowed: /employee/filter_dash
Method Not Allowed: /employee/filter_dash
Method Not Allowed: /employee/filter_dash
Method Not Allowed: /employee/filter_dash
Method Not Allowed: /employee/filter_dash
Method Not Allowed: /employee/filter_dash
Method Not Allowed: /employee/filter_dash
Method Not Allowed: /employee/filter_dash
Method Not Allowed: /employee/filter_dash
Method Not Allowed: /employee/filter_dash
Watching for file changes with StatReloader
Internal Server Error: /employee/tickets
Traceback (most recent call last):
  File "C:\Users\Aryan.c\AppData\Local\Programs\Python\Python312\Lib\site-packages\django\core\handlers\exception.py", line 55, in inner
    response = get_response(request)
               ^^^^^^^^^^^^^^^^^^^^^
  File "C:\Users\Aryan.c\AppData\Local\Programs\Python\Python312\Lib\site-packages\django\utils\deprecation.py", line 136, in __call__
    response = self.process_response(request, response)
               ^^^^^^^^^^^^^^^^^^^^^^^^^^^^^^^^^^^^^^^^
  File "C:\Users\Aryan.c\AppData\Local\Programs\Python\Python312\Lib\site-packages\django\middleware\common.py", line 108, in process_response
    return self.response_redirect_class(self.get_full_path_with_slash(request))
                                        ^^^^^^^^^^^^^^^^^^^^^^^^^^^^^^^^^^^^^^
  File "C:\Users\Aryan.c\AppData\Local\Programs\Python\Python312\Lib\site-packages\django\middleware\common.py", line 87, in get_full_path_with_slash
    raise RuntimeError(
RuntimeError: You called this URL via POST, but the URL doesn't end in a slash and you have APPEND_SLASH set. Django can't redirect to the slash URL while maintaining POST data. Change your form to point to localhost:8000/employee/tickets/ (note the trailing slash), or set APPEND_SLASH=False in your Django settings.
Failed to create ticket for employee ID 13: (1048, "Column 'date_of_request' cannot be null")
Bad Request: /employee/tickets/
C:\Users\Aryan.c\Desktop\mashup\travel-partner\django_og\travel_partner\employee\urls.py changed, reloading.
Watching for file changes with StatReloader
C:\Users\Aryan.c\Desktop\mashup\travel-partner\django_og\travel_partner\employee\urls.py changed, reloading.
Watching for file changes with StatReloader
C:\Users\Aryan.c\Desktop\mashup\travel-partner\django_og\travel_partner\employee\views.py changed, reloading.
Watching for file changes with StatReloader
C:\Users\Aryan.c\Desktop\mashup\travel-partner\django_og\travel_partner\employee\views.py changed, reloading.
Watching for file changes with StatReloader
C:\Users\Aryan.c\Desktop\mashup\travel-partner\django_og\travel_partner\employee\views.py changed, reloading.
Watching for file changes with StatReloader
C:\Users\Aryan.c\Desktop\mashup\travel-partner\django_og\travel_partner\employee\views.py changed, reloading.
Watching for file changes with StatReloader
C:\Users\Aryan.c\Desktop\mashup\travel-partner\django_og\travel_partner\employee\views.py changed, reloading.
Watching for file changes with StatReloader
C:\Users\Aryan.c\Desktop\mashup\travel-partner\django_og\travel_partner\employee\views.py changed, reloading.
Watching for file changes with StatReloader
C:\Users\Aryan.c\Desktop\mashup\travel-partner\django_og\travel_partner\employee\views.py changed, reloading.
Watching for file changes with StatReloader
Ticket created successfully for employee ID 13
Internal Server Error: /employee/filter_dash
Traceback (most recent call last):
  File "C:\Users\Aryan.c\AppData\Local\Programs\Python\Python312\Lib\site-packages\django\core\handlers\exception.py", line 55, in inner
    response = get_response(request)
               ^^^^^^^^^^^^^^^^^^^^^
  File "C:\Users\Aryan.c\AppData\Local\Programs\Python\Python312\Lib\site-packages\django\core\handlers\base.py", line 197, in _get_response
    response = wrapped_callback(request, *callback_args, **callback_kwargs)
               ^^^^^^^^^^^^^^^^^^^^^^^^^^^^^^^^^^^^^^^^^^^^^^^^^^^^^^^^^^^^
  File "C:\Users\Aryan.c\AppData\Local\Programs\Python\Python312\Lib\site-packages\django\views\decorators\csrf.py", line 56, in wrapper_view
    return view_func(*args, **kwargs)
           ^^^^^^^^^^^^^^^^^^^^^^^^^^
  File "C:\Users\Aryan.c\AppData\Local\Programs\Python\Python312\Lib\site-packages\django\views\decorators\csrf.py", line 56, in wrapper_view
    return view_func(*args, **kwargs)
           ^^^^^^^^^^^^^^^^^^^^^^^^^^
  File "C:\Users\Aryan.c\AppData\Local\Programs\Python\Python312\Lib\site-packages\django\views\generic\base.py", line 104, in view
    return self.dispatch(request, *args, **kwargs)
           ^^^^^^^^^^^^^^^^^^^^^^^^^^^^^^^^^^^^^^^
  File "C:\Users\Aryan.c\AppData\Local\Programs\Python\Python312\Lib\site-packages\rest_framework\views.py", line 509, in dispatch
    response = self.handle_exception(exc)
               ^^^^^^^^^^^^^^^^^^^^^^^^^^
  File "C:\Users\Aryan.c\AppData\Local\Programs\Python\Python312\Lib\site-packages\rest_framework\views.py", line 469, in handle_exception
    self.raise_uncaught_exception(exc)
  File "C:\Users\Aryan.c\AppData\Local\Programs\Python\Python312\Lib\site-packages\rest_framework\views.py", line 480, in raise_uncaught_exception
    raise exc
  File "C:\Users\Aryan.c\AppData\Local\Programs\Python\Python312\Lib\site-packages\rest_framework\views.py", line 506, in dispatch
    response = handler(request, *args, **kwargs)
               ^^^^^^^^^^^^^^^^^^^^^^^^^^^^^^^^^
  File "C:\Users\Aryan.c\AppData\Local\Programs\Python\Python312\Lib\site-packages\rest_framework\decorators.py", line 50, in handler
    return func(*args, **kwargs)
           ^^^^^^^^^^^^^^^^^^^^^
  File "C:\Users\Aryan.c\Desktop\mashup\travel-partner\django_og\travel_partner\employee\views.py", line 161, in filter_dash
    records = TicketDetails.objects.filter(manager_id=request.user.manager.id)
                                                     ^^^^^^^^^^^^^^^^^^^^
  File "C:\Users\Aryan.c\AppData\Local\Programs\Python\Python312\Lib\site-packages\django\db\models\fields\related_descriptors.py", line 492, in __get__
    raise self.RelatedObjectDoesNotExist(
django.contrib.auth.models.User.manager.RelatedObjectDoesNotExist: User has no manager.
C:\Users\Aryan.c\Desktop\mashup\travel-partner\django_og\travel_partner\employee\views.py changed, reloading.
Watching for file changes with StatReloader
C:\Users\Aryan.c\Desktop\mashup\travel-partner\django_og\travel_partner\employee\views.py changed, reloading.
Watching for file changes with StatReloader
C:\Users\Aryan.c\Desktop\mashup\travel-partner\django_og\travel_partner\employee\views.py changed, reloading.
Watching for file changes with StatReloader
C:\Users\Aryan.c\Desktop\mashup\travel-partner\django_og\travel_partner\employee\views.py changed, reloading.
Watching for file changes with StatReloader
C:\Users\Aryan.c\Desktop\mashup\travel-partner\django_og\travel_partner\employee\views.py changed, reloading.
Watching for file changes with StatReloader
C:\Users\Aryan.c\Desktop\mashup\travel-partner\django_og\travel_partner\employee\views.py changed, reloading.
Watching for file changes with StatReloader
C:\Users\Aryan.c\Desktop\mashup\travel-partner\django_og\travel_partner\employee\views.py changed, reloading.
Watching for file changes with StatReloader
C:\Users\Aryan.c\Desktop\mashup\travel-partner\django_og\travel_partner\employee\views.py changed, reloading.
Watching for file changes with StatReloader
C:\Users\Aryan.c\Desktop\mashup\travel-partner\django_og\travel_partner\employee\views.py changed, reloading.
Watching for file changes with StatReloader
C:\Users\Aryan.c\Desktop\mashup\travel-partner\django_og\travel_partner\employee\views.py changed, reloading.
Watching for file changes with StatReloader
C:\Users\Aryan.c\Desktop\mashup\travel-partner\django_og\travel_partner\employee\views.py changed, reloading.
Watching for file changes with StatReloader
C:\Users\Aryan.c\Desktop\mashup\travel-partner\django_og\travel_partner\employee\views.py changed, reloading.
Watching for file changes with StatReloader
C:\Users\Aryan.c\Desktop\mashup\travel-partner\django_og\travel_partner\employee\views.py changed, reloading.
Watching for file changes with StatReloader
C:\Users\Aryan.c\Desktop\mashup\travel-partner\django_og\travel_partner\employee\views.py changed, reloading.
Watching for file changes with StatReloader
C:\Users\Aryan.c\Desktop\mashup\travel-partner\django_og\travel_partner\employee\views.py changed, reloading.
Watching for file changes with StatReloader
C:\Users\Aryan.c\Desktop\mashup\travel-partner\django_og\travel_partner\employee\views.py changed, reloading.
Watching for file changes with StatReloader
C:\Users\Aryan.c\Desktop\mashup\travel-partner\django_og\travel_partner\employee\views.py changed, reloading.
Watching for file changes with StatReloader
